2017/04/25 11:55:07 INFO  - jmeter.util.JMeterUtils: Setting Locale to es_ES 
2017/04/25 11:55:08 INFO  - jmeter.util.JMeterUtils: Could not find resources for 'es_ES', using 'es' 
2017/04/25 11:55:08 INFO  - jmeter.JMeter: Loading user properties from: C:\Users\ctorres\Desktop\apache-jmeter-3.1\bin\user.properties 
2017/04/25 11:55:08 INFO  - jmeter.JMeter: Loading system properties from: C:\Users\ctorres\Desktop\apache-jmeter-3.1\bin\system.properties 
2017/04/25 11:55:08 INFO  - jmeter.JMeter: Copyright (c) 1998-2016 The Apache Software Foundation 
2017/04/25 11:55:08 INFO  - jmeter.JMeter: Version 3.1 r1770033 
2017/04/25 11:55:08 INFO  - jmeter.JMeter: java.version=1.8.0_131 
2017/04/25 11:55:08 INFO  - jmeter.JMeter: java.vm.name=Java HotSpot(TM) 64-Bit Server VM 
2017/04/25 11:55:08 INFO  - jmeter.JMeter: os.name=Windows 8.1 
2017/04/25 11:55:08 INFO  - jmeter.JMeter: os.arch=amd64 
2017/04/25 11:55:08 INFO  - jmeter.JMeter: os.version=6.3 
2017/04/25 11:55:08 INFO  - jmeter.JMeter: file.encoding=Cp1252 
2017/04/25 11:55:08 INFO  - jmeter.JMeter: Max memory     =937951232 
2017/04/25 11:55:08 INFO  - jmeter.JMeter: Available Processors =4 
2017/04/25 11:55:08 INFO  - jmeter.JMeter: Default Locale=español (España) 
2017/04/25 11:55:08 INFO  - jmeter.JMeter: JMeter  Locale=español (España) 
2017/04/25 11:55:08 INFO  - jmeter.JMeter: JMeterHome=C:\Users\ctorres\Desktop\apache-jmeter-3.1 
2017/04/25 11:55:08 INFO  - jmeter.JMeter: user.dir  =C:\Users\ctorres\Desktop\apache-jmeter-3.1\bin 
2017/04/25 11:55:08 INFO  - jmeter.JMeter: PWD       =C:\Users\ctorres\Desktop\apache-jmeter-3.1\bin 
2017/04/25 11:55:08 INFO  - jmeter.JMeter: IP: 10.21.114.17 Name: NB029181 FullName: NB029181.andreani.com.ar 
2017/04/25 11:55:08 INFO  - jmeter.gui.action.LookAndFeelCommand: Using look and feel: javax.swing.plaf.metal.MetalLookAndFeel [Metal, CrossPlatform] 
2017/04/25 11:55:08 INFO  - jmeter.JMeter: Loaded icon properties from org/apache/jmeter/images/icon.properties 
2017/04/25 11:55:13 INFO  - jmeter.engine.util.CompoundVariable: Note: Function class names must contain the string: '.functions.' 
2017/04/25 11:55:13 INFO  - jmeter.engine.util.CompoundVariable: Note: Function class names must not contain the string: '.gui.' 
2017/04/25 11:55:26 INFO  - jmeter.gui.util.MenuFactory: Skipping org.apache.jmeter.assertions.BSFAssertion 
2017/04/25 11:55:26 INFO  - jmeter.gui.util.MenuFactory: Skipping org.apache.jmeter.extractor.BSFPostProcessor 
2017/04/25 11:55:26 INFO  - jmeter.gui.util.MenuFactory: Skipping org.apache.jmeter.modifiers.BSFPreProcessor 
2017/04/25 11:55:26 INFO  - jmeter.protocol.http.sampler.HTTPSamplerBase: Parser for text/html is org.apache.jmeter.protocol.http.parser.LagartoBasedHtmlParser 
2017/04/25 11:55:26 INFO  - jmeter.protocol.http.sampler.HTTPSamplerBase: Parser for application/xhtml+xml is org.apache.jmeter.protocol.http.parser.LagartoBasedHtmlParser 
2017/04/25 11:55:26 INFO  - jmeter.protocol.http.sampler.HTTPSamplerBase: Parser for application/xml is org.apache.jmeter.protocol.http.parser.LagartoBasedHtmlParser 
2017/04/25 11:55:26 INFO  - jmeter.protocol.http.sampler.HTTPSamplerBase: Parser for text/xml is org.apache.jmeter.protocol.http.parser.LagartoBasedHtmlParser 
2017/04/25 11:55:26 INFO  - jmeter.protocol.http.sampler.HTTPSamplerBase: Parser for text/vnd.wap.wml is org.apache.jmeter.protocol.http.parser.RegexpHTMLParser 
2017/04/25 11:55:26 INFO  - jmeter.protocol.http.sampler.HTTPSamplerBase: Parser for text/css is org.apache.jmeter.protocol.http.parser.CssParser 
2017/04/25 11:55:27 INFO  - jorphan.exec.KeyToolUtils: keytool found at 'keytool' 
2017/04/25 11:55:27 INFO  - jmeter.protocol.http.proxy.ProxyControl: HTTP(S) Test Script Recorder SSL Proxy will use keys that support embedded 3rd party resources in file C:\Users\ctorres\Desktop\apache-jmeter-3.1\bin\proxyserver.jks 
2017/04/25 11:55:27 INFO  - jmeter.gui.util.MenuFactory: Skipping org.apache.jmeter.protocol.java.sampler.BSFSampler 
2017/04/25 11:55:28 INFO  - jmeter.gui.util.MenuFactory: Skipping org.apache.jmeter.protocol.mongodb.config.MongoSourceElement 
2017/04/25 11:55:28 INFO  - jmeter.gui.util.MenuFactory: Skipping org.apache.jmeter.protocol.mongodb.sampler.MongoScriptSampler 
2017/04/25 11:55:29 INFO  - jmeter.gui.util.MenuFactory: Skipping org.apache.jmeter.timers.BSFTimer 
2017/04/25 11:55:29 INFO  - jmeter.gui.util.MenuFactory: Skipping org.apache.jmeter.visualizers.BSFListener 
2017/04/25 11:55:29 INFO  - jmeter.gui.util.MenuFactory: Skipping org.apache.jmeter.visualizers.MonitorHealthVisualizer 
2017/04/25 11:55:29 INFO  - jmeter.samplers.SampleResult: Note: Sample TimeStamps are START times 
2017/04/25 11:55:29 INFO  - jmeter.samplers.SampleResult: sampleresult.default.encoding is set to ISO-8859-1 
2017/04/25 11:55:29 INFO  - jmeter.samplers.SampleResult: sampleresult.useNanoTime=true 
2017/04/25 11:55:29 INFO  - jmeter.samplers.SampleResult: sampleresult.nanoThreadSleep=5000 
2017/04/25 11:55:36 INFO  - jmeter.services.FileServer: Default base='C:\Users\ctorres\Desktop\apache-jmeter-3.1\bin' 
2017/04/25 11:55:36 INFO  - jmeter.gui.action.Load: Loading file: C:\Users\ctorres\Desktop\TestWS\prueba_servicios\TestWS_Jmeter\TST\ImposicionRemota\TestImposicionRemota.jmx 
2017/04/25 11:55:36 INFO  - jmeter.services.FileServer: Set new base='C:\Users\ctorres\Desktop\TestWS\prueba_servicios\TestWS_Jmeter\TST\ImposicionRemota' 
2017/04/25 11:55:37 INFO  - jmeter.save.SaveService: Testplan (JMX) version: 2.2. Testlog (JTL) version: 2.2 
2017/04/25 11:55:37 INFO  - jmeter.save.SaveService: Using SaveService properties file encoding UTF-8 
2017/04/25 11:55:37 INFO  - jmeter.save.SaveService: Using SaveService properties version 3.1 
2017/04/25 11:55:37 INFO  - jmeter.save.SaveService: All converter versions present and correct 
2017/04/25 11:55:37 INFO  - jmeter.save.SaveService: Loading file: C:\Users\ctorres\Desktop\TestWS\prueba_servicios\TestWS_Jmeter\TST\ImposicionRemota\TestImposicionRemota.jmx 
2017/04/25 11:55:38 INFO  - jmeter.services.FileServer: Set new base='C:\Users\ctorres\Desktop\TestWS\prueba_servicios\TestWS_Jmeter\TST\ImposicionRemota' 
2017/04/25 11:55:51 INFO  - jmeter.engine.StandardJMeterEngine: Running the test! 
2017/04/25 11:55:51 INFO  - jmeter.samplers.SampleEvent: List of sample_variables: [] 
2017/04/25 11:55:51 INFO  - jmeter.samplers.SampleEvent: List of sample_variables: [] 
2017/04/25 11:55:51 INFO  - jmeter.gui.util.JMeterMenuBar: setRunning(true,*local*) 
2017/04/25 11:55:51 INFO  - jmeter.engine.StandardJMeterEngine: Starting ThreadGroup: 1 : Imposición Remota  
2017/04/25 11:55:51 INFO  - jmeter.engine.StandardJMeterEngine: Starting 1 threads for group Imposición Remota . 
2017/04/25 11:55:51 INFO  - jmeter.engine.StandardJMeterEngine: Thread will continue on error 
2017/04/25 11:55:51 INFO  - jmeter.threads.ThreadGroup: Starting thread group number 1 threads 1 ramp-up 1 perThread 1000.0 delayedStart=false 
2017/04/25 11:55:51 INFO  - jmeter.threads.ThreadGroup: Started thread group number 1 
2017/04/25 11:55:51 INFO  - jmeter.engine.StandardJMeterEngine: Starting ThreadGroup: 2 : Imposición Remota  Invalidos 
2017/04/25 11:55:51 INFO  - jmeter.engine.StandardJMeterEngine: Starting 1 threads for group Imposición Remota  Invalidos. 
2017/04/25 11:55:51 INFO  - jmeter.engine.StandardJMeterEngine: Thread will continue on error 
2017/04/25 11:55:51 INFO  - jmeter.threads.ThreadGroup: Starting thread group number 2 threads 1 ramp-up 10 perThread 10000.0 delayedStart=false 
2017/04/25 11:55:51 INFO  - jmeter.threads.ThreadGroup: Started thread group number 2 
2017/04/25 11:55:51 INFO  - jmeter.engine.StandardJMeterEngine: All thread groups have been started 
2017/04/25 11:55:51 INFO  - jmeter.threads.JMeterThread: Thread started: Imposición Remota  1-1 
2017/04/25 11:55:51 INFO  - jmeter.threads.JMeterThread: Thread started: Imposición Remota  Invalidos 2-1 
2017/04/25 11:55:51 INFO  - jmeter.services.FileServer: Stored: datos.csv 
2017/04/25 11:55:51 INFO  - jmeter.protocol.http.sampler.HTTPHCAbstractImpl: Local host = NB029181 
2017/04/25 11:55:51 INFO  - jmeter.protocol.http.sampler.HTTPHC4Impl: HTTP request retry count = 1 
2017/04/25 11:55:52 INFO  - jmeter.protocol.http.sampler.HttpClientDefaultParameters: Trying httpclient parameters from hc.parameters 
2017/04/25 11:55:52 INFO  - jmeter.protocol.http.sampler.HttpClientDefaultParameters: Reading httpclient parameters from C:\Users\ctorres\Desktop\apache-jmeter-3.1\bin\hc.parameters 
2017/04/25 11:55:54 INFO  - jmeter.protocol.http.sampler.LazySchemeSocketFactory: Setting up HTTPS TrustAll Socket Factory 
2017/04/25 11:55:54 INFO  - jmeter.util.JsseSSLManager: Using default SSL protocol: TLSv1.2 
2017/04/25 11:55:54 INFO  - jmeter.util.JsseSSLManager: SSL session context: per-thread 
2017/04/25 11:55:55 INFO  - jmeter.util.SSLManager: JmeterKeyStore Location: C:\Users\carlos.torres\Mykeystore.jks type JKS 
2017/04/25 11:55:55 INFO  - jmeter.util.SSLManager: KeyStore created OK 
2017/04/25 11:55:55 WARN  - jmeter.util.SSLManager: Keystore file not found, loading empty keystore 
2017/04/25 11:56:02 INFO  - jmeter.gui.action.Start: Stopping test 
2017/04/25 11:56:02 INFO  - jmeter.threads.JMeterThread: Stopping: Imposición Remota  1-1 
2017/04/25 11:56:02 WARN  - jmeter.threads.JMeterThread: Interrupting: Imposición Remota  1-1 sampler: Generar Remito de Imposicion para ${nroAndreaniCompraRecibo} 
2017/04/25 11:56:03 INFO  - jmeter.threads.JMeterThread: Stopping: Imposición Remota  Invalidos 2-1 
2017/04/25 11:56:03 WARN  - jmeter.threads.JMeterThread: Interrupting: Imposición Remota  Invalidos 2-1 sampler: AltaPiezaDirecta Sin Valor Declarado 
2017/04/25 11:56:03 INFO  - jmeter.threads.JMeterThread: Thread finished: Imposición Remota  1-1 
2017/04/25 11:56:03 INFO  - jmeter.threads.JMeterThread: Thread finished: Imposición Remota  Invalidos 2-1 
2017/04/25 11:56:03 INFO  - jmeter.engine.StandardJMeterEngine: Notifying test listeners of end of test 
2017/04/25 11:56:03 INFO  - jmeter.services.FileServer: Close: datos.csv 
2017/04/25 11:56:03 INFO  - jmeter.gui.util.JMeterMenuBar: setRunning(false,*local*) 
