#
# A fatal error has been detected by the Java Runtime Environment:
#
#  EXCEPTION_ACCESS_VIOLATION (0xc0000005) at pc=0x00000000026cb67a, pid=5928, tid=1612
#
# JRE version: Java(TM) SE Runtime Environment (7.0_79-b15) (build 1.7.0_79-b15)
# Java VM: Java HotSpot(TM) 64-Bit Server VM (24.79-b02 mixed mode windows-amd64 compressed oops)
# Problematic frame:
# v  ~BufferBlob::jni_fast_GetLongField
#
# Failed to write core dump. Minidumps are not enabled by default on client versions of Windows
#
# If you would like to submit a bug report, please visit:
#   http://bugreport.java.com/bugreport/crash.jsp
# The crash happened outside the Java Virtual Machine in native code.
# See problematic frame for where to report the bug.
#

---------------  T H R E A D  ---------------

Current thread (0x000000000959d800):  JavaThread "AWT-EventQueue-0" [_thread_in_native, id=1612, stack(0x000000000a4b0000,0x000000000a5b0000)]

siginfo: ExceptionCode=0xc0000005, reading address 0x0000000000000000

Registers:
RAX=0x000000006e747f80, RBX=0x00000000dc17fea8, RCX=0x000000000959d9e8, RDX=0x0000000000000000
RSP=0x000000000a5a83b8, RBP=0x000000000a5a84f0, RSI=0x000000000a5ac8c8, RDI=0x000000000959d9e8
R8 =0x0000000000000042, R9 =0x0000000000000000, R10=0x00000000000003cc, R11=0x000000006e234050
R12=0x000000000a5ac8c0, R13=0x000000000a5ac8d8, R14=0x000000000a5ac8d0, R15=0x00000000000003fe
RIP=0x00000000026cb67a, EFLAGS=0x0000000000010246

Top of Stack: (sp=0x000000000a5a83b8)
0x000000000a5a83b8:   00000000693e15ed 000000000a5a85b0
0x000000000a5a83c8:   000000000abc4ce0 00000000000001f9
0x000000000a5a83d8:   0000003870c5592b 000000000a5ac8e0
0x000000000a5a83e8:   00000000693f057d 00000000dc17fea8
0x000000000a5a83f8:   000000000a5aa6d0 000000000a5a84f0
0x000000000a5a8408:   0000000480000000 0000000000000000
0x000000000a5a8418:   00000004000001f9 0000000000000001
0x000000000a5a8428:   000000000a5a8510 0000000000000d74
0x000000000a5a8438:   0000000069523288 fffffffffffffa04
0x000000000a5a8448:   0000000000000000 0000000500000000
0x000000000a5a8458:   0000001700000005 00000000e207f8c0
0x000000000a5a8468:   0000000400000000 0000020000000005
0x000000000a5a8478:   000000000959d9e8 000000000a5aa6d0
0x000000000a5a8488:   000000000a5ac8b8 000000000abc4ce0
0x000000000a5a8498:   000000000b15f240 0000000580000000
0x000000000a5a84a8:   000000006941d670 00000000693efb10 

Instructions: (pc=0x00000000026cb67a)
0x00000000026cb65a:   00 00 00 00 00 00 44 8b 15 61 c8 0d 6c 4c 8b ca
0x00000000026cb66a:   41 f6 c2 01 0f 85 2e 00 00 00 4d 33 ca 4d 33 ca
0x00000000026cb67a:   4d 8b 09 4d 8b d8 49 c1 eb 02 4b 8b 04 19 49 bb
0x00000000026cb68a:   c8 7e 7a 6e 00 00 00 00 4c 33 d8 4c 33 d8 45 3b 


Register to memory mapping:

RAX=0x000000006e747f80 is an unknown value
RBX=0x00000000dc17fea8 is an oop
{method} 
 - klass: {other class}
RCX=0x000000000959d9e8 is an unknown value
RDX=0x0000000000000000 is an unknown value
RSP=0x000000000a5a83b8 is pointing into the stack for thread: 0x000000000959d800
RBP=0x000000000a5a84f0 is pointing into the stack for thread: 0x000000000959d800
RSI=0x000000000a5ac8c8 is pointing into the stack for thread: 0x000000000959d800
RDI=0x000000000959d9e8 is an unknown value
R8 =0x0000000000000042 is an unknown value
R9 =0x0000000000000000 is an unknown value
R10=0x00000000000003cc is an unknown value
R11=0x000000006e234050 is an unknown value
R12=0x000000000a5ac8c0 is pointing into the stack for thread: 0x000000000959d800
R13=0x000000000a5ac8d8 is pointing into the stack for thread: 0x000000000959d800
R14=0x000000000a5ac8d0 is pointing into the stack for thread: 0x000000000959d800
R15=0x00000000000003fe is an unknown value


Stack: [0x000000000a4b0000,0x000000000a5b0000],  sp=0x000000000a5a83b8,  free space=992k
Native frames: (J=compiled Java code, j=interpreted, Vv=VM code, C=native code)
v  ~BufferBlob::jni_fast_GetLongField

Java frames: (J=compiled Java code, j=interpreted, Vv=VM code)
j  sun.java2d.loops.TransformHelper.Transform(Lsun/java2d/loops/MaskBlit;Lsun/java2d/SurfaceData;Lsun/java2d/SurfaceData;Ljava/awt/Composite;Lsun/java2d/pipe/Region;Ljava/awt/geom/AffineTransform;IIIIIIIII[III)V+0
J 874 C2 sun.java2d.pipe.DrawImage.renderImageXform(Lsun/java2d/SunGraphics2D;Ljava/awt/Image;Ljava/awt/geom/AffineTransform;IIIIILjava/awt/Color;)V (773 bytes) @ 0x00000000028eede4 [0x00000000028ee600+0x7e4]
j  sun.java2d.pipe.DrawImage.transformImage(Lsun/java2d/SunGraphics2D;Ljava/awt/Image;Ljava/awt/geom/AffineTransform;IIIIILjava/awt/Color;)V+120
j  sun.java2d.pipe.DrawImage.scaleImage(Lsun/java2d/SunGraphics2D;Ljava/awt/Image;IIIIIIIILjava/awt/Color;)Z+467
J 1003 C2 sun.java2d.SunGraphics2D.drawImage(Ljava/awt/Image;IIIIIIIILjava/awt/image/ImageObserver;)Z (23 bytes) @ 0x000000000293d014 [0x000000000293cd80+0x294]
j  javax.swing.plaf.nimbus.ImageScalingHelper.drawChunk(Ljava/awt/Image;Ljava/awt/Graphics;ZIIIIIIIIZ)V+54
j  javax.swing.plaf.nimbus.ImageScalingHelper.paint(Ljava/awt/Graphics;IIIILjava/awt/Image;Ljava/awt/Insets;Ljava/awt/Insets;Ljavax/swing/plaf/nimbus/ImageScalingHelper$PaintType;I)V+636
j  javax.swing.plaf.nimbus.AbstractRegionPainter.paintWith9SquareCaching(Ljava/awt/Graphics2D;Ljavax/swing/plaf/nimbus/AbstractRegionPainter$PaintContext;Ljavax/swing/JComponent;II[Ljava/lang/Object;)V+193
j  javax.swing.plaf.nimbus.AbstractRegionPainter.paint(Ljava/awt/Graphics2D;Ljavax/swing/JComponent;II)V+122
j  javax.swing.plaf.nimbus.AbstractRegionPainter.paint(Ljava/awt/Graphics2D;Ljava/lang/Object;II)V+9
j  javax.swing.plaf.nimbus.SynthPainterImpl.paint(Ljavax/swing/Painter;Ljavax/swing/plaf/synth/SynthContext;Ljava/awt/Graphics;IIIILjava/awt/geom/AffineTransform;)V+49
j  javax.swing.plaf.nimbus.SynthPainterImpl.paintBackground(Ljavax/swing/plaf/synth/SynthContext;Ljava/awt/Graphics;IIIILjava/awt/geom/AffineTransform;)V+64
j  javax.swing.plaf.nimbus.SynthPainterImpl.paintTextFieldBackground(Ljavax/swing/plaf/synth/SynthContext;Ljava/awt/Graphics;IIII)V+24
j  javax.swing.plaf.synth.SynthTextFieldUI.paintBackground(Ljavax/swing/plaf/synth/SynthContext;Ljava/awt/Graphics;Ljavax/swing/JComponent;)V+16
j  javax.swing.plaf.synth.SynthTextFieldUI.update(Ljava/awt/Graphics;Ljavax/swing/JComponent;)V+15
j  javax.swing.JComponent.paintComponent(Ljava/awt/Graphics;)V+26
j  javax.swing.JComponent.paint(Ljava/awt/Graphics;)V+286
j  javax.swing.JComponent.paintChildren(Ljava/awt/Graphics;)V+501
j  javax.swing.JComponent.paint(Ljava/awt/Graphics;)V+318
j  javax.swing.JComponent.paintToOffscreen(Ljava/awt/Graphics;IIIIII)V+41
j  javax.swing.RepaintManager$PaintManager.paintDoubleBuffered(Ljavax/swing/JComponent;Ljava/awt/Image;Ljava/awt/Graphics;IIII)V+163
j  javax.swing.RepaintManager$PaintManager.paint(Ljavax/swing/JComponent;Ljavax/swing/JComponent;Ljava/awt/Graphics;IIII)Z+116
j  javax.swing.RepaintManager.paint(Ljavax/swing/JComponent;Ljavax/swing/JComponent;Ljava/awt/Graphics;IIII)V+52
j  javax.swing.JComponent._paintImmediately(IIII)V+683
j  javax.swing.JComponent.paintImmediately(IIII)V+138
j  javax.swing.RepaintManager$3.run()Ljava/lang/Void;+75
j  javax.swing.RepaintManager$3.run()Ljava/lang/Object;+1
v  ~StubRoutines::call_stub
J 917  java.security.AccessController.doPrivileged(Ljava/security/PrivilegedAction;Ljava/security/AccessControlContext;)Ljava/lang/Object; (0 bytes) @ 0x00000000028faa06 [0x00000000028fa9a0+0x66]
J 945 C2 java.security.ProtectionDomain$1.doIntersectionPrivilege(Ljava/security/PrivilegedAction;Ljava/security/AccessControlContext;Ljava/security/AccessControlContext;)Ljava/lang/Object; (32 bytes) @ 0x00000000029007ac [0x0000000002900700+0xac]
j  javax.swing.RepaintManager.paintDirtyRegions(Ljava/util/Map;)V+154
j  javax.swing.RepaintManager.paintDirtyRegions()V+46
j  javax.swing.RepaintManager.prePaintDirtyRegions()V+73
j  javax.swing.RepaintManager.access$1100(Ljavax/swing/RepaintManager;)V+1
j  javax.swing.RepaintManager$ProcessingRunnable.run()V+37
J 922 C2 java.awt.EventQueue.access$300(Ljava/awt/EventQueue;Ljava/awt/AWTEvent;Ljava/lang/Object;)V (7 bytes) @ 0x00000000028ff164 [0x00000000028ff0c0+0xa4]
J 953 C2 java.awt.EventQueue$3.run()Ljava/lang/Object; (5 bytes) @ 0x00000000028ba0d8 [0x00000000028ba0a0+0x38]
v  ~StubRoutines::call_stub
J 917  java.security.AccessController.doPrivileged(Ljava/security/PrivilegedAction;Ljava/security/AccessControlContext;)Ljava/lang/Object; (0 bytes) @ 0x00000000028faa06 [0x00000000028fa9a0+0x66]
J 920 C2 java.awt.EventQueue.dispatchEvent(Ljava/awt/AWTEvent;)V (80 bytes) @ 0x00000000028089b8 [0x0000000002808760+0x258]
J 978 C2 java.awt.EventDispatchThread.pumpOneEventForFilters(I)V (295 bytes) @ 0x000000000292a78c [0x000000000292a080+0x70c]
J 986% C2 java.awt.EventDispatchThread.pumpEventsForFilter(ILjava/awt/Conditional;Ljava/awt/EventFilter;)V (47 bytes) @ 0x00000000028cc504 [0x00000000028cc420+0xe4]
j  java.awt.EventDispatchThread.pumpEventsForHierarchy(ILjava/awt/Conditional;Ljava/awt/Component;)V+11
j  java.awt.EventDispatchThread.pumpEvents(ILjava/awt/Conditional;)V+4
j  java.awt.EventDispatchThread.pumpEvents(Ljava/awt/Conditional;)V+3
j  java.awt.EventDispatchThread.run()V+9
v  ~StubRoutines::call_stub

---------------  P R O C E S S  ---------------

Java Threads: ( => current thread )
  0x000000000b087000 JavaThread "API_MICRO_cms/special - Verificar que al ingresar el nombre de un special válido, un nodo válido y una combinacion de dispositivos válida y una región válida y un formato inválido el API no responda 9-1" [_thread_blocked, id=1220, stack(0x000000000edc0000,0x000000000eec0000)]
  0x000000000b086800 JavaThread "API_MICRO_cms/special - Verificar que al ingresar el nombre de un special válido, un nodo válido y una combinacion de dispositivos válida y una región válida el API responda correctamente en formato xml 8-1" [_thread_blocked, id=5832, stack(0x000000000eca0000,0x000000000eda0000)]
  0x000000000b085800 JavaThread "API_MICRO_cms/special - Verificar que al ingresar el nombre de un special válido, un nodo válido y una combinacion de dispositivos válida y una región inválida el API muestre un mensaje de error 7-1" [_thread_blocked, id=5156, stack(0x000000000d090000,0x000000000d190000)]
  0x000000000b085000 JavaThread "API_MICRO_cms/special - Verificar que al ingresar el nombre de un special válido, un nodo válido, una combinación de dispositivos y otra región válida el API responda correctamente 6-1" [_thread_blocked, id=5212, stack(0x000000000c270000,0x000000000c370000)]
  0x000000000b084000 JavaThread "API_MICRO_cms/special - Verificar que al ingresar el nombre de un special válido, un nodo válido y una región válida y sin ingresar device_category, device_manufacturer, device_model o device_type el API muestre un mensaje de error 5-1" [_thread_blocked, id=5404, stack(0x000000000bfc0000,0x000000000c0c0000)]
  0x000000000b083800 JavaThread "API_MICRO_cms/special - Verificar que al ingresar el nombre de un special válido, un nodo válido y una región válida y una combinacion de dispositivos inválida el API muestre un mensaje de error 4-1" [_thread_blocked, id=1656, stack(0x000000000bd90000,0x000000000be90000)]
  0x000000000b082800 JavaThread "API_MICRO_cms/special - Verificar que al ingresar un nodo válido, una combinación de dispositivos y una región válida y sin ingresar un special el API muestre un mensaje de error 3-1" [_thread_blocked, id=5784, stack(0x000000000beb0000,0x000000000bfb0000)]
  0x000000000b082000 JavaThread "API_MICRO_cms/special - Verificar que al ingresar el nombre de un special inválido y un nodo válido, una combinación de dispositivos y una región válida el API muestre un mensaje de error 2-1" [_thread_in_vm, id=1952, stack(0x000000000bc90000,0x000000000bd90000)]
  0x000000000b081000 JavaThread "API_MICRO_cms/special - Verificar que al ingresar el nombre de un special válido, un nodo válido, una combinación de dispositivos y una región válida el API responda correctamente 1-1" [_thread_blocked, id=4716, stack(0x000000000bb40000,0x000000000bc40000)]
  0x000000000b080800 JavaThread "StandardJMeterEngine" [_thread_blocked, id=3376, stack(0x000000000a810000,0x000000000a910000)]
  0x000000000b07f800 JavaThread "Image Fetcher 0" daemon [_thread_blocked, id=6084, stack(0x000000000b9f0000,0x000000000baf0000)]
  0x000000000b2ce800 JavaThread "NanoOffset" daemon [_thread_blocked, id=344, stack(0x000000000f1e0000,0x000000000f2e0000)]
  0x000000000b431800 JavaThread "Swing-Shell" daemon [_thread_blocked, id=5036, stack(0x000000000eb90000,0x000000000ec90000)]
  0x000000000228e000 JavaThread "DestroyJavaVM" [_thread_blocked, id=5644, stack(0x0000000002570000,0x0000000002670000)]
  0x000000000aac0800 JavaThread "TimerQueue" daemon [_thread_blocked, id=6036, stack(0x000000000d470000,0x000000000d570000)]
=>0x000000000959d800 JavaThread "AWT-EventQueue-0" [_thread_in_native, id=1612, stack(0x000000000a4b0000,0x000000000a5b0000)]
  0x00000000095d6000 JavaThread "AWT-Windows" daemon [_thread_in_native, id=5340, stack(0x000000000a680000,0x000000000a780000)]
  0x00000000095d5000 JavaThread "AWT-Shutdown" [_thread_blocked, id=1104, stack(0x000000000a290000,0x000000000a390000)]
  0x00000000095d4800 JavaThread "Java2D Disposer" daemon [_thread_blocked, id=1084, stack(0x0000000009fe0000,0x000000000a0e0000)]
  0x000000000720f800 JavaThread "Service Thread" daemon [_thread_blocked, id=544, stack(0x0000000008d70000,0x0000000008e70000)]
  0x000000000720f000 JavaThread "C2 CompilerThread1" daemon [_thread_blocked, id=5792, stack(0x0000000008b80000,0x0000000008c80000)]
  0x000000000720a000 JavaThread "C2 CompilerThread0" daemon [_thread_blocked, id=5876, stack(0x0000000008980000,0x0000000008a80000)]
  0x0000000007207000 JavaThread "Attach Listener" daemon [_thread_blocked, id=2692, stack(0x00000000087e0000,0x00000000088e0000)]
  0x0000000007202000 JavaThread "Signal Dispatcher" daemon [_thread_blocked, id=2540, stack(0x0000000008620000,0x0000000008720000)]
  0x00000000071a2000 JavaThread "Finalizer" daemon [_thread_blocked, id=6072, stack(0x0000000008510000,0x0000000008610000)]
  0x00000000071a0800 JavaThread "Reference Handler" daemon [_thread_blocked, id=2116, stack(0x0000000008330000,0x0000000008430000)]

Other Threads:
  0x000000000719d000 VMThread [stack: 0x0000000008220000,0x0000000008320000] [id=932]
  0x000000000721a800 WatcherThread [stack: 0x0000000008ed0000,0x0000000008fd0000] [id=4892]

VM state:not at safepoint (normal execution)

VM Mutex/Monitor currently owned by a thread: None

Heap
 PSYoungGen      total 118272K, used 10572K [0x00000000f8000000, 0x0000000100000000, 0x0000000100000000)
  eden space 105472K, 10% used [0x00000000f8000000,0x00000000f8a531e8,0x00000000fe700000)
  from space 12800K, 0% used [0x00000000ff380000,0x00000000ff380000,0x0000000100000000)
  to   space 12800K, 0% used [0x00000000fe700000,0x00000000fe700000,0x00000000ff380000)
 ParOldGen       total 393216K, used 44340K [0x00000000e0000000, 0x00000000f8000000, 0x00000000f8000000)
  object space 393216K, 11% used [0x00000000e0000000,0x00000000e2b4d388,0x00000000f8000000)
 PSPermGen       total 64000K, used 32315K [0x00000000dae00000, 0x00000000dec80000, 0x00000000e0000000)
  object space 64000K, 50% used [0x00000000dae00000,0x00000000dcd8ee20,0x00000000dec80000)

Card table byte_map: [0x0000000002290000,0x00000000023c0000] byte_map_base: 0x0000000001bb9000

Polling page: 0x0000000000340000

Code Cache  [0x0000000002670000, 0x0000000002970000, 0x0000000005670000)
 total_blobs=1561 nmethods=995 adapters=517 free_code_cache=46190Kb largest_free_block=47227072

Compilation events (10 events):
Event: 647.323 Thread 0x000000000720a000 nmethod 1034 0x000000000294b710 code [0x000000000294b860, 0x000000000294bf98]
Event: 647.324 Thread 0x000000000720f000 1036   !         org.apache.jmeter.engine.util.FunctionParser::compileString (289 bytes)
Event: 647.367 Thread 0x000000000720f000 nmethod 1036 0x00000000028c62d0 code [0x00000000028c6560, 0x00000000028c7568]
Event: 647.367 Thread 0x000000000720f000 1037             org.apache.log.Priority::isLowerOrEqual (17 bytes)
Event: 647.368 Thread 0x000000000720f000 nmethod 1037 0x0000000002930a10 code [0x0000000002930b40, 0x0000000002930bb8]
Event: 647.368 Thread 0x000000000720f000 1038             org.apache.log.Priority::getValue (5 bytes)
Event: 647.369 Thread 0x000000000720f000 nmethod 1038 0x0000000002930810 code [0x0000000002930940, 0x0000000002930998]
Event: 647.369 Thread 0x000000000720f000 1039             org.apache.log.Logger::isDebugEnabled (11 bytes)
Event: 647.370 Thread 0x000000000720f000 nmethod 1039 0x00000000028e5b10 code [0x00000000028e5c40, 0x00000000028e5cb8]
Event: 648.349 Thread 0x000000000720a000 1040 % !         java.lang.ref.Reference$ReferenceHandler::run @ 0 (108 bytes)

GC Heap History (10 events):
Event: 62.375 GC heap before
{Heap before GC invocations=3 (full 0):
 PSYoungGen      total 118272K, used 118264K [0x00000000f8000000, 0x0000000100000000, 0x0000000100000000)
  eden space 105472K, 100% used [0x00000000f8000000,0x00000000fe700000,0x00000000fe700000)
  from space 12800K, 99% used [0x00000000ff380000,0x00000000ffffe288,0x0000000100000000)
  to   space 12800K, 0% used [0x00000000fe700000,0x00000000fe700000,0x00000000ff380000)
 ParOldGen       total 393216K, used 12264K [0x00000000e0000000, 0x00000000f8000000, 0x00000000f8000000)
  object space 393216K, 3% used [0x00000000e0000000,0x00000000e0bfa158,0x00000000f8000000)
 PSPermGen       total 30720K, used 30658K [0x00000000dae00000, 0x00000000dcc00000, 0x00000000e0000000)
  object space 30720K, 99% used [0x00000000dae00000,0x00000000dcbf0b78,0x00000000dcc00000)
Event: 62.427 GC heap after
Heap after GC invocations=3 (full 0):
 PSYoungGen      total 118272K, used 12792K [0x00000000f8000000, 0x0000000100000000, 0x0000000100000000)
  eden space 105472K, 0% used [0x00000000f8000000,0x00000000f8000000,0x00000000fe700000)
  from space 12800K, 99% used [0x00000000fe700000,0x00000000ff37e118,0x00000000ff380000)
  to   space 12800K, 0% used [0x00000000ff380000,0x00000000ff380000,0x0000000100000000)
 ParOldGen       total 393216K, used 23029K [0x00000000e0000000, 0x00000000f8000000, 0x00000000f8000000)
  object space 393216K, 5% used [0x00000000e0000000,0x00000000e167d740,0x00000000f8000000)
 PSPermGen       total 30720K, used 30658K [0x00000000dae00000, 0x00000000dcc00000, 0x00000000e0000000)
  object space 30720K, 99% used [0x00000000dae00000,0x00000000dcbf0b78,0x00000000dcc00000)
}
Event: 63.857 GC heap before
{Heap before GC invocations=4 (full 0):
 PSYoungGen      total 118272K, used 118264K [0x00000000f8000000, 0x0000000100000000, 0x0000000100000000)
  eden space 105472K, 100% used [0x00000000f8000000,0x00000000fe700000,0x00000000fe700000)
  from space 12800K, 99% used [0x00000000fe700000,0x00000000ff37e118,0x00000000ff380000)
  to   space 12800K, 0% used [0x00000000ff380000,0x00000000ff380000,0x0000000100000000)
 ParOldGen       total 393216K, used 23029K [0x00000000e0000000, 0x00000000f8000000, 0x00000000f8000000)
  object space 393216K, 5% used [0x00000000e0000000,0x00000000e167d740,0x00000000f8000000)
 PSPermGen       total 31744K, used 31262K [0x00000000dae00000, 0x00000000dcd00000, 0x00000000e0000000)
  object space 31744K, 98% used [0x00000000dae00000,0x00000000dcc87920,0x00000000dcd00000)
Event: 63.900 GC heap after
Heap after GC invocations=4 (full 0):
 PSYoungGen      total 118272K, used 12777K [0x00000000f8000000, 0x0000000100000000, 0x0000000100000000)
  eden space 105472K, 0% used [0x00000000f8000000,0x00000000f8000000,0x00000000fe700000)
  from space 12800K, 99% used [0x00000000ff380000,0x00000000ffffa650,0x0000000100000000)
  to   space 12800K, 0% used [0x00000000fe700000,0x00000000fe700000,0x00000000ff380000)
 ParOldGen       total 393216K, used 33278K [0x00000000e0000000, 0x00000000f8000000, 0x00000000f8000000)
  object space 393216K, 8% used [0x00000000e0000000,0x00000000e207f8b0,0x00000000f8000000)
 PSPermGen       total 31744K, used 31262K [0x00000000dae00000, 0x00000000dcd00000, 0x00000000e0000000)
  object space 31744K, 98% used [0x00000000dae00000,0x00000000dcc87920,0x00000000dcd00000)
}
Event: 619.991 GC heap before
{Heap before GC invocations=5 (full 0):
 PSYoungGen      total 118272K, used 118249K [0x00000000f8000000, 0x0000000100000000, 0x0000000100000000)
  eden space 105472K, 100% used [0x00000000f8000000,0x00000000fe700000,0x00000000fe700000)
  from space 12800K, 99% used [0x00000000ff380000,0x00000000ffffa650,0x0000000100000000)
  to   space 12800K, 0% used [0x00000000fe700000,0x00000000fe700000,0x00000000ff380000)
 ParOldGen       total 393216K, used 33278K [0x00000000e0000000, 0x00000000f8000000, 0x00000000f8000000)
  object space 393216K, 8% used [0x00000000e0000000,0x00000000e207f8b0,0x00000000f8000000)
 PSPermGen       total 32256K, used 31820K [0x00000000dae00000, 0x00000000dcd80000, 0x00000000e0000000)
  object space 32256K, 98% used [0x00000000dae00000,0x00000000dcd131f8,0x00000000dcd80000)
Event: 620.078 GC heap after
Heap after GC invocations=5 (full 0):
 PSYoungGen      total 118272K, used 12768K [0x00000000f8000000, 0x0000000100000000, 0x0000000100000000)
  eden space 105472K, 0% used [0x00000000f8000000,0x00000000f8000000,0x00000000fe700000)
  from space 12800K, 99% used [0x00000000fe700000,0x00000000ff3781f8,0x00000000ff380000)
  to   space 12800K, 0% used [0x00000000ff380000,0x00000000ff380000,0x0000000100000000)
 ParOldGen       total 393216K, used 42356K [0x00000000e0000000, 0x00000000f8000000, 0x00000000f8000000)
  object space 393216K, 10% used [0x00000000e0000000,0x00000000e295d2c0,0x00000000f8000000)
 PSPermGen       total 32256K, used 31820K [0x00000000dae00000, 0x00000000dcd80000, 0x00000000e0000000)
  object space 32256K, 98% used [0x00000000dae00000,0x00000000dcd131f8,0x00000000dcd80000)
}
Event: 647.372 GC heap before
{Heap before GC invocations=6 (full 0):
 PSYoungGen      total 118272K, used 36901K [0x00000000f8000000, 0x0000000100000000, 0x0000000100000000)
  eden space 105472K, 22% used [0x00000000f8000000,0x00000000f9791578,0x00000000fe700000)
  from space 12800K, 99% used [0x00000000fe700000,0x00000000ff3781f8,0x00000000ff380000)
  to   space 12800K, 0% used [0x00000000ff380000,0x00000000ff380000,0x0000000100000000)
 ParOldGen       total 393216K, used 42356K [0x00000000e0000000, 0x00000000f8000000, 0x00000000f8000000)
  object space 393216K, 10% used [0x00000000e0000000,0x00000000e295d2c0,0x00000000f8000000)
 PSPermGen       total 32768K, used 32484K [0x00000000dae00000, 0x00000000dce00000, 0x00000000e0000000)
  object space 32768K, 99% used [0x00000000dae00000,0x00000000dcdb90e8,0x00000000dce00000)
Event: 647.443 GC heap after
Heap after GC invocations=6 (full 0):
 PSYoungGen      total 118272K, used 12799K [0x00000000f8000000, 0x0000000100000000, 0x0000000100000000)
  eden space 105472K, 0% used [0x00000000f8000000,0x00000000f8000000,0x00000000fe700000)
  from space 12800K, 99% used [0x00000000ff380000,0x00000000ffffff28,0x0000000100000000)
  to   space 12800K, 0% used [0x00000000fe700000,0x00000000fe700000,0x00000000ff380000)
 ParOldGen       total 393216K, used 43571K [0x00000000e0000000, 0x00000000f8000000, 0x00000000f8000000)
  object space 393216K, 11% used [0x00000000e0000000,0x00000000e2a8cd30,0x00000000f8000000)
 PSPermGen       total 32768K, used 32484K [0x00000000dae00000, 0x00000000dce00000, 0x00000000e0000000)
  object space 32768K, 99% used [0x00000000dae00000,0x00000000dcdb90e8,0x00000000dce00000)
}
Event: 647.444 GC heap before
{Heap before GC invocations=7 (full 1):
 PSYoungGen      total 118272K, used 12799K [0x00000000f8000000, 0x0000000100000000, 0x0000000100000000)
  eden space 105472K, 0% used [0x00000000f8000000,0x00000000f8000000,0x00000000fe700000)
  from space 12800K, 99% used [0x00000000ff380000,0x00000000ffffff28,0x0000000100000000)
  to   space 12800K, 0% used [0x00000000fe700000,0x00000000fe700000,0x00000000ff380000)
 ParOldGen       total 393216K, used 43571K [0x00000000e0000000, 0x00000000f8000000, 0x00000000f8000000)
  object space 393216K, 11% used [0x00000000e0000000,0x00000000e2a8cd30,0x00000000f8000000)
 PSPermGen       total 32768K, used 32484K [0x00000000dae00000, 0x00000000dce00000, 0x00000000e0000000)
  object space 32768K, 99% used [0x00000000dae00000,0x00000000dcdb90e8,0x00000000dce00000)
Event: 648.325 GC heap after
Heap after GC invocations=7 (full 1):
 PSYoungGen      total 118272K, used 0K [0x00000000f8000000, 0x0000000100000000, 0x0000000100000000)
  eden space 105472K, 0% used [0x00000000f8000000,0x00000000f8000000,0x00000000fe700000)
  from space 12800K, 0% used [0x00000000ff380000,0x00000000ff380000,0x0000000100000000)
  to   space 12800K, 0% used [0x00000000fe700000,0x00000000fe700000,0x00000000ff380000)
 ParOldGen       total 393216K, used 44340K [0x00000000e0000000, 0x00000000f8000000, 0x00000000f8000000)
  object space 393216K, 11% used [0x00000000e0000000,0x00000000e2b4d388,0x00000000f8000000)
 PSPermGen       total 64000K, used 31395K [0x00000000dae00000, 0x00000000dec80000, 0x00000000e0000000)
  object space 64000K, 49% used [0x00000000dae00000,0x00000000dcca8fe0,0x00000000dec80000)
}

Deoptimization events (10 events):
Event: 570.451 Thread 0x000000000959d800 Uncommon trap: reason=unreached action=reinterpret pc=0x00000000028f9150 method=javax.swing.plaf.synth.SynthLabelUI.getComponentState(Ljavax/swing/JComponent;)I @ 9
Event: 570.451 Thread 0x000000000959d800 Uncommon trap: reason=unreached action=reinterpret pc=0x00000000028f79f0 method=javax.swing.plaf.synth.SynthLabelUI.getComponentState(Ljavax/swing/JComponent;)I @ 9
Event: 599.207 Thread 0x000000000959d800 Uncommon trap: reason=unreached action=reinterpret pc=0x00000000027e3b90 method=java.security.AccessControlContext.optimize()Ljava/security/AccessControlContext; @ 123
Event: 599.208 Thread 0x000000000959d800 Uncommon trap: reason=unreached action=reinterpret pc=0x000000000282a564 method=java.security.AccessControlContext.optimize()Ljava/security/AccessControlContext; @ 123
Event: 603.357 Thread 0x000000000959d800 Uncommon trap: reason=class_check action=maybe_recompile pc=0x00000000028d18f8 method=java.awt.EventQueue.cacheEQItem(Lsun/awt/EventQueueItem;)V @ 44
Event: 620.084 Thread 0x000000000959d800 Uncommon trap: reason=null_check action=make_not_entrant pc=0x0000000002903b1c method=sun.java2d.pipe.AlphaPaintPipe.renderPathTile(Ljava/lang/Object;[BIIIIII)V @ 57
Event: 634.871 Thread 0x000000000959d800 Uncommon trap: reason=class_check action=maybe_recompile pc=0x00000000028d18f8 method=java.awt.EventQueue.cacheEQItem(Lsun/awt/EventQueueItem;)V @ 44
Event: 634.998 Thread 0x000000000959d800 Uncommon trap: reason=class_check action=maybe_recompile pc=0x00000000028d18f8 method=java.awt.EventQueue.cacheEQItem(Lsun/awt/EventQueueItem;)V @ 44
Event: 635.349 Thread 0x000000000959d800 Uncommon trap: reason=class_check action=maybe_recompile pc=0x00000000028fcdb8 method=java.awt.EventQueue.cacheEQItem(Lsun/awt/EventQueueItem;)V @ 44
Event: 645.126 Thread 0x000000000959d800 Uncommon trap: reason=unreached action=reinterpret pc=0x000000000290676c method=javax.swing.plaf.synth.SynthBorder.getBorderInsets(Ljava/awt/Component;Ljava/awt/Insets;)Ljava/awt/Insets; @ 275

Internal exceptions (10 events):
Event: 648.352 Thread 0x000000000b080800 Threw 0x00000000f8205470 at C:\re\jdk7u79\2331\hotspot\src\share\vm\prims\jvm.cpp:1304
Event: 648.352 Thread 0x000000000b080800 Threw 0x00000000f8205a30 at C:\re\jdk7u79\2331\hotspot\src\share\vm\prims\jvm.cpp:1304
Event: 648.352 Thread 0x000000000b080800 Threw 0x00000000f820a810 at C:\re\jdk7u79\2331\hotspot\src\share\vm\prims\jvm.cpp:1304
Event: 648.353 Thread 0x000000000b080800 Threw 0x00000000f820aea0 at C:\re\jdk7u79\2331\hotspot\src\share\vm\prims\jvm.cpp:1304
Event: 648.353 Thread 0x000000000b080800 Threw 0x00000000f820b460 at C:\re\jdk7u79\2331\hotspot\src\share\vm\prims\jvm.cpp:1304
Event: 648.353 Thread 0x000000000b080800 Threw 0x00000000f8210210 at C:\re\jdk7u79\2331\hotspot\src\share\vm\prims\jvm.cpp:1304
Event: 648.356 Thread 0x000000000b080800 Threw 0x00000000f82152e8 at C:\re\jdk7u79\2331\hotspot\src\share\vm\prims\jvm.cpp:1304
Event: 648.356 Thread 0x000000000b080800 Threw 0x00000000f82158e8 at C:\re\jdk7u79\2331\hotspot\src\share\vm\prims\jvm.cpp:1304
Event: 648.357 Thread 0x000000000b080800 Threw 0x00000000f821b658 at C:\re\jdk7u79\2331\hotspot\src\share\vm\prims\jvm.cpp:1304
Event: 648.358 Thread 0x000000000b080800 Threw 0x00000000f821bd50 at C:\re\jdk7u79\2331\hotspot\src\share\vm\prims\jvm.cpp:1304

Events (10 events):
Event: 648.357 Executing VM operation: RevokeBias
Event: 648.357 Executing VM operation: RevokeBias done
Event: 648.357 loading class 0x00000000098a10f0
Event: 648.357 Executing VM operation: RevokeBias
Event: 648.357 Executing VM operation: RevokeBias done
Event: 648.357 loading class 0x00000000098a10f0 done
Event: 648.357 Executing VM operation: RevokeBias
Event: 648.357 Executing VM operation: RevokeBias done
Event: 648.357 Executing VM operation: RevokeBias
Event: 648.358 Executing VM operation: RevokeBias done


Dynamic libraries:
0x000000013ffd0000 - 0x0000000140003000 	C:\Windows\system32\java.exe
0x0000000077700000 - 0x00000000778a9000 	C:\Windows\SYSTEM32\ntdll.dll
0x00000000774e0000 - 0x00000000775ff000 	C:\Windows\system32\kernel32.dll
0x000007fefd6f0000 - 0x000007fefd75b000 	C:\Windows\system32\KERNELBASE.dll
0x000007fefdc30000 - 0x000007fefdd0b000 	C:\Windows\system32\ADVAPI32.dll
0x000007feff500000 - 0x000007feff59f000 	C:\Windows\system32\msvcrt.dll
0x000007fefddc0000 - 0x000007fefdddf000 	C:\Windows\SYSTEM32\sechost.dll
0x000007fefec60000 - 0x000007fefed8d000 	C:\Windows\system32\RPCRT4.dll
0x0000000077600000 - 0x00000000776fa000 	C:\Windows\system32\USER32.dll
0x000007fefebf0000 - 0x000007fefec57000 	C:\Windows\system32\GDI32.dll
0x000007feff8a0000 - 0x000007feff8ae000 	C:\Windows\system32\LPK.dll
0x000007fefd8d0000 - 0x000007fefd999000 	C:\Windows\system32\USP10.dll
0x000007fefbb20000 - 0x000007fefbd14000 	C:\Windows\WinSxS\amd64_microsoft.windows.common-controls_6595b64144ccf1df_6.0.7601.17514_none_fa396087175ac9ac\COMCTL32.dll
0x000007fefdbb0000 - 0x000007fefdc21000 	C:\Windows\system32\SHLWAPI.dll
0x000007feff870000 - 0x000007feff89e000 	C:\Windows\system32\IMM32.DLL
0x000007feff900000 - 0x000007feffa09000 	C:\Windows\system32\MSCTF.dll
0x0000000075160000 - 0x0000000075232000 	C:\Program Files\Java\jre7\bin\msvcr100.dll
0x000000006e050000 - 0x000000006e825000 	C:\Program Files\Java\jre7\bin\server\jvm.dll
0x000007fef65b0000 - 0x000007fef65b9000 	C:\Windows\system32\WSOCK32.dll
0x000007feff8b0000 - 0x000007feff8fd000 	C:\Windows\system32\WS2_32.dll
0x000007fefddb0000 - 0x000007fefddb8000 	C:\Windows\system32\NSI.dll
0x000007fefb070000 - 0x000007fefb0ab000 	C:\Windows\system32\WINMM.dll
0x00000000778d0000 - 0x00000000778d7000 	C:\Windows\system32\PSAPI.DLL
0x0000000075150000 - 0x000000007515f000 	C:\Program Files\Java\jre7\bin\verify.dll
0x0000000075120000 - 0x0000000075148000 	C:\Program Files\Java\jre7\bin\java.dll
0x0000000075100000 - 0x0000000075115000 	C:\Program Files\Java\jre7\bin\zip.dll
0x00000000750e0000 - 0x00000000750fa000 	C:\Program Files\Java\jre7\bin\net.dll
0x000007fefcc50000 - 0x000007fefcca5000 	C:\Windows\system32\mswsock.dll
0x000007fefcc40000 - 0x000007fefcc47000 	C:\Windows\System32\wship6.dll
0x00000000750c0000 - 0x00000000750d1000 	C:\Program Files\Java\jre7\bin\nio.dll
0x000007fefacd0000 - 0x000007feface5000 	C:\Windows\system32\NLAapi.dll
0x000007fef4f10000 - 0x000007fef4f25000 	C:\Windows\system32\napinsp.dll
0x000007fef4ef0000 - 0x000007fef4f09000 	C:\Windows\system32\pnrpnsp.dll
0x000007fefcad0000 - 0x000007fefcb2b000 	C:\Windows\system32\DNSAPI.dll
0x000007fef4e90000 - 0x000007fef4e9b000 	C:\Windows\System32\winrnr.dll
0x000007fef4e20000 - 0x000007fef4e30000 	C:\Windows\system32\wshbth.dll
0x000007fefc670000 - 0x000007fefc677000 	C:\Windows\System32\wshtcpip.dll
0x000007fefa680000 - 0x000007fefa6a7000 	C:\Windows\system32\IPHLPAPI.DLL
0x000007fefa670000 - 0x000007fefa67b000 	C:\Windows\system32\WINNSI.DLL
0x000007fef9420000 - 0x000007fef9428000 	C:\Windows\system32\rasadhlp.dll
0x000007fefa520000 - 0x000007fefa573000 	C:\Windows\System32\fwpuclnt.dll
0x00000000693e0000 - 0x0000000069575000 	C:\Program Files\Java\jre7\bin\awt.dll
0x000007fefed90000 - 0x000007fefee67000 	C:\Windows\system32\OLEAUT32.dll
0x000007fefd9a0000 - 0x000007fefdba3000 	C:\Windows\system32\ole32.dll
0x000007fefba70000 - 0x000007fefbac6000 	C:\Windows\system32\uxtheme.dll
0x000007fefb690000 - 0x000007fefb6a8000 	C:\Windows\system32\dwmapi.dll
0x000007fefd310000 - 0x000007fefd31f000 	C:\Windows\system32\CRYPTBASE.dll
0x000007fefdde0000 - 0x000007fefeb68000 	C:\Windows\system32\SHELL32.dll
0x0000000075070000 - 0x00000000750b7000 	C:\Program Files\Java\jre7\bin\fontmanager.dll
0x000000006b7b0000 - 0x000000006b7f1000 	C:\Program Files\Java\jre7\bin\t2k.dll
0x000007feff070000 - 0x000007feff109000 	C:\Windows\system32\CLBCatQ.DLL
0x000007fefb4e0000 - 0x000007fefb641000 	C:\Windows\system32\WindowsCodecs.dll
0x000007fefd2b0000 - 0x000007fefd307000 	C:\Windows\system32\apphelp.dll
0x0000000068950000 - 0x0000000068970000 	C:\Program Files\Common Files\TortoiseOverlays\TortoiseOverlays.dll
0x000007fef3e10000 - 0x000007fef3e13000 	C:\Windows\system32\api-ms-win-core-synch-l1-2-0.DLL
0x0000000068930000 - 0x0000000068949000 	C:\Program Files\TortoiseSVN\bin\TortoiseStub.dll
0x000007fef4ba0000 - 0x000007fef4bd5000 	C:\Windows\system32\EhStorShell.dll
0x000007fefee90000 - 0x000007feff067000 	C:\Windows\system32\SETUPAPI.dll
0x000007fefd4f0000 - 0x000007fefd526000 	C:\Windows\system32\CFGMGR32.dll
0x000007fefd7a0000 - 0x000007fefd7ba000 	C:\Windows\system32\DEVOBJ.dll
0x000007fefc070000 - 0x000007fefc19c000 	C:\Windows\system32\PROPSYS.dll
0x000007fef1150000 - 0x000007fef17c1000 	C:\PROGRA~1\MICROS~2\Office14\GROOVEEX.DLL
0x00000000680f0000 - 0x0000000068193000 	C:\Windows\WinSxS\amd64_microsoft.vc90.crt_1fc8b3b9a1e18e3b_9.0.30729.6161_none_08e61857a83bc251\MSVCR90.dll
0x0000000068010000 - 0x00000000680e3000 	C:\Windows\WinSxS\amd64_microsoft.vc90.crt_1fc8b3b9a1e18e3b_9.0.30729.6161_none_08e61857a83bc251\MSVCP90.dll
0x00000000683e0000 - 0x000000006840f000 	C:\Windows\WinSxS\amd64_microsoft.vc90.atl_1fc8b3b9a1e18e3b_9.0.30729.6161_none_0a1fd3a3a768b895\ATL90.DLL
0x000007fef0d40000 - 0x000007fef114f000 	C:\PROGRA~1\COMMON~1\MICROS~1\OFFICE14\Cultures\office.odf
0x000007fef04c0000 - 0x000007fef0d3e000 	C:\PROGRA~1\MICROS~2\Office14\3082\GrooveIntlResource.dll
0x000007feeae80000 - 0x000007feeaf20000 	C:\Windows\WinSxS\amd64_microsoft.windows.common-controls_6595b64144ccf1df_5.82.7601.17514_none_a4d6a923711520a9\comctl32.dll
0x000007fefc010000 - 0x000007fefc03d000 	C:\Windows\system32\ntmarta.dll
0x000007fefd870000 - 0x000007fefd8c2000 	C:\Windows\system32\WLDAP32.dll
0x000007feeda40000 - 0x000007feedbdc000 	C:\Windows\system32\NetworkExplorer.dll
0x000007feee660000 - 0x000007feee694000 	C:\Windows\System32\shdocvw.dll
0x000007fefd4b0000 - 0x000007fefd4bf000 	C:\Windows\system32\profapi.dll
0x000007fefaca0000 - 0x000007fefacab000 	C:\Windows\system32\slc.dll
0x000007fef4720000 - 0x000007fef4738000 	C:\Windows\system32\MPR.dll
0x000007fef6280000 - 0x000007fef628a000 	C:\Windows\System32\drprov.dll
0x000007fefd3c0000 - 0x000007fefd3fd000 	C:\Windows\System32\WINSTA.dll
0x000007fee9520000 - 0x000007fee9542000 	C:\Windows\System32\ntlanman.dll
0x000007fef6240000 - 0x000007fef625c000 	C:\Windows\System32\davclnt.dll
0x000007fef6540000 - 0x000007fef654a000 	C:\Windows\System32\DAVHLPR.dll
0x000007fefb350000 - 0x000007fefb365000 	C:\Windows\system32\wkscli.dll
0x000007fef3e20000 - 0x000007fef3e2f000 	C:\Windows\system32\cscapi.dll
0x000007fefb370000 - 0x000007fefb37c000 	C:\Windows\system32\netutils.dll
0x000007feddd70000 - 0x000007feddfe1000 	C:\Windows\system32\wpdshext.dll
0x000007fefb850000 - 0x000007fefba65000 	C:\Windows\WinSxS\amd64_microsoft.windows.gdiplus_6595b64144ccf1df_1.1.7601.17514_none_2b24536c71ed437a\gdiplus.dll
0x000007fef4be0000 - 0x000007fef4c9d000 	C:\Windows\system32\PortableDeviceApi.dll
0x000007fefd760000 - 0x000007fefd79a000 	C:\Windows\system32\WINTRUST.dll
0x000007fefd530000 - 0x000007fefd697000 	C:\Windows\system32\CRYPT32.dll
0x000007fefd4c0000 - 0x000007fefd4cf000 	C:\Windows\system32\MSASN1.dll
0x000007fef5d10000 - 0x000007fef5d37000 	C:\Windows\system32\EhStorAPI.dll
0x000007fef4b20000 - 0x000007fef4b2c000 	C:\Windows\system32\LINKINFO.dll
0x000000006c590000 - 0x000000006c5ba000 	C:\Program Files\Java\jre7\bin\dcpr.dll
0x000007fefd6e0000 - 0x000007fefd6e5000 	C:\Windows\system32\api-ms-win-downlevel-advapi32-l1-1-0.dll
0x000007fefd7c0000 - 0x000007fefd7c4000 	C:\Windows\system32\api-ms-win-downlevel-shlwapi-l1-1-0.dll
0x000007fefd4d0000 - 0x000007fefd4d4000 	C:\Windows\system32\api-ms-win-downlevel-user32-l1-1-0.dll
0x000007fefd6b0000 - 0x000007fefd6b4000 	C:\Windows\system32\api-ms-win-downlevel-version-l1-1-0.dll
0x000007fefc5a0000 - 0x000007fefc5ac000 	C:\Windows\system32\version.DLL
0x000007fefd4e0000 - 0x000007fefd4e3000 	C:\Windows\system32\api-ms-win-downlevel-normaliz-l1-1-0.dll
0x00000000778c0000 - 0x00000000778c3000 	C:\Windows\system32\normaliz.DLL
0x000007feff5a0000 - 0x000007feff867000 	C:\Windows\system32\iertutil.dll
0x000007fefd6a0000 - 0x000007fefd6a4000 	C:\Windows\system32\api-ms-win-downlevel-ole32-l1-1-0.dll
0x000007feff110000 - 0x000007feff295000 	C:\Windows\system32\urlmon.dll
0x000007feff2a0000 - 0x000007feff4fa000 	C:\Windows\system32\WININET.dll
0x000007fefd6c0000 - 0x000007fefd6de000 	C:\Windows\system32\USERENV.dll
0x000007fefb0b0000 - 0x000007fefb0b4000 	C:\Windows\system32\api-ms-win-downlevel-shlwapi-l2-1-0.dll

VM Arguments:
jvm_args: -XX:+HeapDumpOnOutOfMemoryError -Xms512m -Xmx512m -XX:NewSize=128m -XX:MaxNewSize=128m -XX:SurvivorRatio=8 -XX:TargetSurvivorRatio=50 -XX:MaxTenuringThreshold=2 -XX:+CMSClassUnloadingEnabled 
java_command: ApacheJMeter.jar
Launcher Type: SUN_STANDARD

Environment Variables:
JAVA_HOME=C:\Program Files\Java\jdk1.7.0_79
PATH=C:\Windows\system32;C:\Windows;C:\Windows\System32\Wbem;C:\Windows\System32\WindowsPowerShell\v1.0\;C:\Program Files (x86)\Skype\Phone\;C:\Program Files\TortoiseSVN\bin;C:\Ruby22-x64\bin;C:\RailsInstaller\Git\cmd;C:\RailsInstaller\Ruby2.0.0\bin;C:\apache-ant-1.9.6\bin;C:\Program Files\Java\jdk1.7.0_79\bin
USERNAME=Usuario
OS=Windows_NT
PROCESSOR_IDENTIFIER=Intel64 Family 6 Model 58 Stepping 9, GenuineIntel



---------------  S Y S T E M  ---------------

OS: Windows 7 , 64 bit Build 7601 Service Pack 1

CPU:total 4 (2 cores per cpu, 2 threads per core) family 6 model 58 stepping 9, cmov, cx8, fxsr, mmx, sse, sse2, sse3, ssse3, sse4.1, sse4.2, popcnt, avx, erms, ht, tsc, tscinvbit, tscinv

Memory: 4k page, physical 8241672k(4269252k free), swap 16481480k(11234112k free)

vm_info: Java HotSpot(TM) 64-Bit Server VM (24.79-b02) for windows-amd64 JRE (1.7.0_79-b15), built on Apr 10 2015 12:36:16 by "java_re" with unknown MS VC++:1600

time: Mon Dec 14 17:01:22 2015
elapsed time: 648 seconds

