2017/04/25 11:04:09 INFO  - jmeter.JMeter: Loading user properties from: C:\Users\ctorres\Desktop\apache-jmeter-2.13\bin\user.properties 
2017/04/25 11:04:09 INFO  - jmeter.JMeter: Loading system properties from: C:\Users\ctorres\Desktop\apache-jmeter-2.13\bin\system.properties 
2017/04/25 11:04:09 INFO  - jmeter.JMeter: Copyright (c) 1998-2015 The Apache Software Foundation 
2017/04/25 11:04:09 INFO  - jmeter.JMeter: Version 2.13 r1665067 
2017/04/25 11:04:09 INFO  - jmeter.JMeter: java.version=1.8.0_131 
2017/04/25 11:04:09 INFO  - jmeter.JMeter: java.vm.name=Java HotSpot(TM) 64-Bit Server VM 
2017/04/25 11:04:09 INFO  - jmeter.JMeter: os.name=Windows 8.1 
2017/04/25 11:04:09 INFO  - jmeter.JMeter: os.arch=amd64 
2017/04/25 11:04:09 INFO  - jmeter.JMeter: os.version=6.3 
2017/04/25 11:04:09 INFO  - jmeter.JMeter: file.encoding=Cp1252 
2017/04/25 11:04:09 INFO  - jmeter.JMeter: Default Locale=español (España) 
2017/04/25 11:04:09 INFO  - jmeter.JMeter: JMeter  Locale=español (España) 
2017/04/25 11:04:09 INFO  - jmeter.JMeter: JMeterHome=C:\Users\ctorres\Desktop\apache-jmeter-2.13 
2017/04/25 11:04:09 INFO  - jmeter.JMeter: user.dir  =C:\Users\ctorres\Desktop\apache-jmeter-2.13\bin 
2017/04/25 11:04:09 INFO  - jmeter.JMeter: PWD       =C:\Users\ctorres\Desktop\apache-jmeter-2.13\bin 
2017/04/25 11:04:09 INFO  - jmeter.JMeter: IP: 10.21.114.17 Name: NB029181 FullName: NB029181.andreani.com.ar 
2017/04/25 11:04:09 INFO  - jmeter.gui.action.LookAndFeelCommand: Using look and feel: javax.swing.plaf.metal.MetalLookAndFeel [Metal, CrossPlatform] 
2017/04/25 11:04:09 INFO  - jmeter.JMeter: Loaded icon properties from org/apache/jmeter/images/icon.properties 
2017/04/25 11:04:11 INFO  - jmeter.engine.util.CompoundVariable: Note: Function class names must contain the string: '.functions.' 
2017/04/25 11:04:11 INFO  - jmeter.engine.util.CompoundVariable: Note: Function class names must not contain the string: '.gui.' 
2017/04/25 11:04:15 INFO  - jmeter.protocol.http.sampler.HTTPSamplerBase: Cannot find .className property for htmlParser, using default 
2017/04/25 11:04:15 INFO  - jmeter.protocol.http.sampler.HTTPSamplerBase: Parser for text/html is  
2017/04/25 11:04:15 INFO  - jmeter.protocol.http.sampler.HTTPSamplerBase: Parser for application/xhtml+xml is  
2017/04/25 11:04:15 INFO  - jmeter.protocol.http.sampler.HTTPSamplerBase: Parser for application/xml is  
2017/04/25 11:04:15 INFO  - jmeter.protocol.http.sampler.HTTPSamplerBase: Parser for text/xml is  
2017/04/25 11:04:15 INFO  - jmeter.protocol.http.sampler.HTTPSamplerBase: Parser for text/vnd.wap.wml is org.apache.jmeter.protocol.http.parser.RegexpHTMLParser 
2017/04/25 11:04:16 INFO  - jmeter.gui.util.MenuFactory: Skipping org.apache.jmeter.protocol.http.control.gui.WebServiceSamplerGui 
2017/04/25 11:04:16 INFO  - jmeter.gui.util.MenuFactory: Skipping org.apache.jmeter.protocol.http.modifier.gui.ParamModifierGui 
2017/04/25 11:04:16 INFO  - jorphan.exec.KeyToolUtils: keytool found at 'keytool' 
2017/04/25 11:04:16 INFO  - jmeter.protocol.http.proxy.ProxyControl: HTTP(S) Test Script Recorder SSL Proxy will use keys that support embedded 3rd party resources in file C:\Users\ctorres\Desktop\apache-jmeter-2.13\bin\proxyserver.jks 
2017/04/25 11:04:18 INFO  - jmeter.samplers.SampleResult: Note: Sample TimeStamps are START times 
2017/04/25 11:04:18 INFO  - jmeter.samplers.SampleResult: sampleresult.default.encoding is set to ISO-8859-1 
2017/04/25 11:04:18 INFO  - jmeter.samplers.SampleResult: sampleresult.useNanoTime=true 
2017/04/25 11:04:18 INFO  - jmeter.samplers.SampleResult: sampleresult.nanoThreadSleep=5000 
2017/04/25 11:04:24 INFO  - jmeter.services.FileServer: Default base='C:\Users\ctorres\Desktop\apache-jmeter-2.13\bin' 
2017/04/25 11:04:24 INFO  - jmeter.gui.action.Load: Loading file: C:\Users\ctorres\Desktop\TestWS\prueba_servicios\TestWS_Jmeter\TST\ImposicionRemota\TestImposicionRemota.jmx 
2017/04/25 11:04:24 INFO  - jmeter.services.FileServer: Set new base='C:\Users\ctorres\Desktop\TestWS\prueba_servicios\TestWS_Jmeter\TST\ImposicionRemota' 
2017/04/25 11:04:24 INFO  - jmeter.save.SaveService: Testplan (JMX) version: 2.2. Testlog (JTL) version: 2.2 
2017/04/25 11:04:24 INFO  - jmeter.save.SaveService: Using SaveService properties file encoding UTF-8 
2017/04/25 11:04:24 INFO  - jmeter.save.SaveService: Using SaveService properties file version 1656252 
2017/04/25 11:04:24 INFO  - jmeter.save.SaveService: Using SaveService properties version 2.8 
2017/04/25 11:04:24 INFO  - jmeter.save.SaveService: All converter versions present and correct 
2017/04/25 11:04:24 INFO  - jmeter.save.SaveService: Loading file: C:\Users\ctorres\Desktop\TestWS\prueba_servicios\TestWS_Jmeter\TST\ImposicionRemota\TestImposicionRemota.jmx 
2017/04/25 11:04:25 INFO  - jmeter.services.FileServer: Set new base='C:\Users\ctorres\Desktop\TestWS\prueba_servicios\TestWS_Jmeter\TST\ImposicionRemota' 
2017/04/25 11:05:16 ERROR - jmeter.gui.action.ActionRouter: Error processing org.apache.jmeter.gui.action.Paste@41005828 java.lang.IllegalStateException: cannot open system clipboard
	at sun.awt.windows.WClipboard.openClipboard(Native Method)
	at sun.awt.datatransfer.SunClipboard.getClipboardFormatsOpenClose(Unknown Source)
	at sun.awt.datatransfer.SunClipboard.isDataFlavorAvailable(Unknown Source)
	at org.apache.jmeter.gui.action.Copy.getCopiedNodes(Copy.java:71)
	at org.apache.jmeter.gui.action.Paste.doAction(Paste.java:62)
	at org.apache.jmeter.gui.action.ActionRouter.performAction(ActionRouter.java:81)
	at org.apache.jmeter.gui.action.ActionRouter.doActionNow(ActionRouter.java:114)
	at org.apache.jmeter.gui.tree.JMeterTreeListener.keyPressed(JMeterTreeListener.java:226)
	at java.awt.AWTEventMulticaster.keyPressed(Unknown Source)
	at java.awt.Component.processKeyEvent(Unknown Source)
	at javax.swing.JComponent.processKeyEvent(Unknown Source)
	at java.awt.Component.processEvent(Unknown Source)
	at java.awt.Container.processEvent(Unknown Source)
	at java.awt.Component.dispatchEventImpl(Unknown Source)
	at java.awt.Container.dispatchEventImpl(Unknown Source)
	at java.awt.Component.dispatchEvent(Unknown Source)
	at java.awt.KeyboardFocusManager.redispatchEvent(Unknown Source)
	at java.awt.DefaultKeyboardFocusManager.dispatchKeyEvent(Unknown Source)
	at java.awt.DefaultKeyboardFocusManager.preDispatchKeyEvent(Unknown Source)
	at java.awt.DefaultKeyboardFocusManager.typeAheadAssertions(Unknown Source)
	at java.awt.DefaultKeyboardFocusManager.dispatchEvent(Unknown Source)
	at java.awt.Component.dispatchEventImpl(Unknown Source)
	at java.awt.Container.dispatchEventImpl(Unknown Source)
	at java.awt.Window.dispatchEventImpl(Unknown Source)
	at java.awt.Component.dispatchEvent(Unknown Source)
	at java.awt.EventQueue.dispatchEventImpl(Unknown Source)
	at java.awt.EventQueue.access$500(Unknown Source)
	at java.awt.EventQueue$3.run(Unknown Source)
	at java.awt.EventQueue$3.run(Unknown Source)
	at java.security.AccessController.doPrivileged(Native Method)
	at java.security.ProtectionDomain$JavaSecurityAccessImpl.doIntersectionPrivilege(Unknown Source)
	at java.security.ProtectionDomain$JavaSecurityAccessImpl.doIntersectionPrivilege(Unknown Source)
	at java.awt.EventQueue$4.run(Unknown Source)
	at java.awt.EventQueue$4.run(Unknown Source)
	at java.security.AccessController.doPrivileged(Native Method)
	at java.security.ProtectionDomain$JavaSecurityAccessImpl.doIntersectionPrivilege(Unknown Source)
	at java.awt.EventQueue.dispatchEvent(Unknown Source)
	at java.awt.EventDispatchThread.pumpOneEventForFilters(Unknown Source)
	at java.awt.EventDispatchThread.pumpEventsForFilter(Unknown Source)
	at java.awt.EventDispatchThread.pumpEventsForHierarchy(Unknown Source)
	at java.awt.EventDispatchThread.pumpEvents(Unknown Source)
	at java.awt.EventDispatchThread.pumpEvents(Unknown Source)
	at java.awt.EventDispatchThread.run(Unknown Source)

2017/04/25 11:05:59 INFO  - jmeter.engine.StandardJMeterEngine: Listeners will be started after enabling running version 
2017/04/25 11:05:59 INFO  - jmeter.engine.StandardJMeterEngine: To revert to the earlier behaviour, define jmeterengine.startlistenerslater=false 
2017/04/25 11:05:59 INFO  - jmeter.engine.StandardJMeterEngine: Running the test! 
2017/04/25 11:05:59 INFO  - jmeter.samplers.SampleEvent: List of sample_variables: [] 
2017/04/25 11:05:59 INFO  - jmeter.samplers.SampleEvent: List of sample_variables: [] 
2017/04/25 11:05:59 INFO  - jmeter.gui.util.JMeterMenuBar: setRunning(true,*local*) 
2017/04/25 11:05:59 INFO  - jmeter.engine.StandardJMeterEngine: Starting ThreadGroup: 1 : Imposición Remota  
2017/04/25 11:05:59 INFO  - jmeter.engine.StandardJMeterEngine: Starting 1 threads for group Imposición Remota . 
2017/04/25 11:05:59 INFO  - jmeter.engine.StandardJMeterEngine: Thread will continue on error 
2017/04/25 11:05:59 INFO  - jmeter.threads.ThreadGroup: Starting thread group number 1 threads 1 ramp-up 1 perThread 1000.0 delayedStart=false 
2017/04/25 11:05:59 INFO  - jmeter.threads.JMeterThread: jmeterthread.startearlier=true (see jmeter.properties) 
2017/04/25 11:05:59 INFO  - jmeter.threads.JMeterThread: Running PostProcessors in forward order 
2017/04/25 11:05:59 INFO  - jmeter.threads.ThreadGroup: Started thread group number 1 
2017/04/25 11:05:59 INFO  - jmeter.engine.StandardJMeterEngine: All thread groups have been started 
2017/04/25 11:05:59 INFO  - jmeter.threads.JMeterThread: Thread started: Imposición Remota  1-1 
2017/04/25 11:05:59 INFO  - jmeter.services.FileServer: Stored: datos.csv 
2017/04/25 11:05:59 INFO  - jmeter.protocol.http.sampler.HTTPHCAbstractImpl: Local host = NB029181 
2017/04/25 11:05:59 INFO  - jmeter.protocol.http.sampler.HTTPHC4Impl: HTTP request retry count = 1 
2017/04/25 11:05:59 INFO  - jmeter.protocol.http.sampler.HttpClientDefaultParameters: Reading httpclient parameters from hc.parameters 
2017/04/25 11:05:59 INFO  - jmeter.protocol.http.sampler.HttpClientDefaultParameters: Defining http.connection.stalecheck as true (Boolean) 
2017/04/25 11:05:59 INFO  - jmeter.protocol.http.sampler.HTTPHC4Impl: Setting up HTTPS TrustAll scheme 
2017/04/25 11:06:03 INFO  - jmeter.threads.JMeterThread: Thread is done: Imposición Remota  1-1 
2017/04/25 11:06:03 INFO  - jmeter.threads.JMeterThread: Thread finished: Imposición Remota  1-1 
2017/04/25 11:06:03 INFO  - jmeter.engine.StandardJMeterEngine: Notifying test listeners of end of test 
2017/04/25 11:06:03 INFO  - jmeter.services.FileServer: Close: datos.csv 
2017/04/25 11:06:03 INFO  - jmeter.gui.util.JMeterMenuBar: setRunning(false,*local*) 
2017/04/25 11:06:54 INFO  - jmeter.engine.StandardJMeterEngine: Running the test! 
2017/04/25 11:06:54 INFO  - jmeter.samplers.SampleEvent: List of sample_variables: [] 
2017/04/25 11:06:54 INFO  - jmeter.gui.util.JMeterMenuBar: setRunning(true,*local*) 
2017/04/25 11:06:55 INFO  - jmeter.engine.StandardJMeterEngine: Starting ThreadGroup: 1 : Imposición Remota  
2017/04/25 11:06:55 INFO  - jmeter.engine.StandardJMeterEngine: Starting 1 threads for group Imposición Remota . 
2017/04/25 11:06:55 INFO  - jmeter.engine.StandardJMeterEngine: Thread will continue on error 
2017/04/25 11:06:55 INFO  - jmeter.threads.ThreadGroup: Starting thread group number 1 threads 1 ramp-up 1 perThread 1000.0 delayedStart=false 
2017/04/25 11:06:55 INFO  - jmeter.threads.ThreadGroup: Started thread group number 1 
2017/04/25 11:06:55 INFO  - jmeter.engine.StandardJMeterEngine: All thread groups have been started 
2017/04/25 11:06:55 INFO  - jmeter.threads.JMeterThread: Thread started: Imposición Remota  1-1 
2017/04/25 11:06:55 INFO  - jmeter.services.FileServer: Stored: datos.csv 
2017/04/25 11:06:55 WARN  - jmeter.util.SSLManager: Keystore file not found, loading empty keystore 
2017/04/25 11:06:58 INFO  - jmeter.threads.JMeterThread: Thread is done: Imposición Remota  1-1 
2017/04/25 11:06:58 INFO  - jmeter.threads.JMeterThread: Thread finished: Imposición Remota  1-1 
2017/04/25 11:06:58 INFO  - jmeter.engine.StandardJMeterEngine: Notifying test listeners of end of test 
2017/04/25 11:06:58 INFO  - jmeter.services.FileServer: Close: datos.csv 
2017/04/25 11:06:58 INFO  - jmeter.gui.util.JMeterMenuBar: setRunning(false,*local*) 
2017/04/25 11:08:18 INFO  - jmeter.engine.StandardJMeterEngine: Running the test! 
2017/04/25 11:08:18 INFO  - jmeter.samplers.SampleEvent: List of sample_variables: [] 
2017/04/25 11:08:18 INFO  - jmeter.gui.util.JMeterMenuBar: setRunning(true,*local*) 
2017/04/25 11:08:19 INFO  - jmeter.engine.StandardJMeterEngine: Starting ThreadGroup: 1 : Imposición Remota  
2017/04/25 11:08:19 INFO  - jmeter.engine.StandardJMeterEngine: Starting 1 threads for group Imposición Remota . 
2017/04/25 11:08:19 INFO  - jmeter.engine.StandardJMeterEngine: Thread will continue on error 
2017/04/25 11:08:19 INFO  - jmeter.threads.ThreadGroup: Starting thread group number 1 threads 1 ramp-up 1 perThread 1000.0 delayedStart=false 
2017/04/25 11:08:19 INFO  - jmeter.threads.ThreadGroup: Started thread group number 1 
2017/04/25 11:08:19 INFO  - jmeter.engine.StandardJMeterEngine: All thread groups have been started 
2017/04/25 11:08:19 INFO  - jmeter.threads.JMeterThread: Thread started: Imposición Remota  1-1 
2017/04/25 11:08:19 INFO  - jmeter.services.FileServer: Stored: datos.csv 
2017/04/25 11:08:21 INFO  - jmeter.threads.JMeterThread: Thread is done: Imposición Remota  1-1 
2017/04/25 11:08:21 INFO  - jmeter.threads.JMeterThread: Thread finished: Imposición Remota  1-1 
2017/04/25 11:08:21 INFO  - jmeter.engine.StandardJMeterEngine: Notifying test listeners of end of test 
2017/04/25 11:08:21 INFO  - jmeter.services.FileServer: Close: datos.csv 
2017/04/25 11:08:21 INFO  - jmeter.gui.util.JMeterMenuBar: setRunning(false,*local*) 
2017/04/25 11:15:10 INFO  - jmeter.engine.StandardJMeterEngine: Running the test! 
2017/04/25 11:15:10 INFO  - jmeter.samplers.SampleEvent: List of sample_variables: [] 
2017/04/25 11:15:10 INFO  - jmeter.gui.util.JMeterMenuBar: setRunning(true,*local*) 
2017/04/25 11:15:10 INFO  - jmeter.engine.StandardJMeterEngine: Starting ThreadGroup: 1 : Imposición Remota  
2017/04/25 11:15:10 INFO  - jmeter.engine.StandardJMeterEngine: Starting 1 threads for group Imposición Remota . 
2017/04/25 11:15:10 INFO  - jmeter.engine.StandardJMeterEngine: Thread will continue on error 
2017/04/25 11:15:10 INFO  - jmeter.threads.ThreadGroup: Starting thread group number 1 threads 1 ramp-up 1 perThread 1000.0 delayedStart=false 
2017/04/25 11:15:10 INFO  - jmeter.threads.ThreadGroup: Started thread group number 1 
2017/04/25 11:15:10 INFO  - jmeter.engine.StandardJMeterEngine: All thread groups have been started 
2017/04/25 11:15:10 INFO  - jmeter.threads.JMeterThread: Thread started: Imposición Remota  1-1 
2017/04/25 11:15:10 INFO  - jmeter.services.FileServer: Stored: datos.csv 
2017/04/25 11:15:20 INFO  - jmeter.threads.JMeterThread: Thread is done: Imposición Remota  1-1 
2017/04/25 11:15:20 INFO  - jmeter.threads.JMeterThread: Thread finished: Imposición Remota  1-1 
2017/04/25 11:15:20 INFO  - jmeter.engine.StandardJMeterEngine: Notifying test listeners of end of test 
2017/04/25 11:15:20 INFO  - jmeter.services.FileServer: Close: datos.csv 
2017/04/25 11:15:20 INFO  - jmeter.gui.util.JMeterMenuBar: setRunning(false,*local*) 
2017/04/25 11:41:46 INFO  - jmeter.engine.StandardJMeterEngine: Running the test! 
2017/04/25 11:41:46 INFO  - jmeter.samplers.SampleEvent: List of sample_variables: [] 
2017/04/25 11:41:46 INFO  - jmeter.gui.util.JMeterMenuBar: setRunning(true,*local*) 
2017/04/25 11:41:47 INFO  - jmeter.engine.StandardJMeterEngine: Starting ThreadGroup: 1 : Imposición Remota  
2017/04/25 11:41:47 INFO  - jmeter.engine.StandardJMeterEngine: Starting 1 threads for group Imposición Remota . 
2017/04/25 11:41:47 INFO  - jmeter.engine.StandardJMeterEngine: Thread will continue on error 
2017/04/25 11:41:47 INFO  - jmeter.threads.ThreadGroup: Starting thread group number 1 threads 1 ramp-up 1 perThread 1000.0 delayedStart=false 
2017/04/25 11:41:47 INFO  - jmeter.threads.ThreadGroup: Started thread group number 1 
2017/04/25 11:41:47 INFO  - jmeter.engine.StandardJMeterEngine: All thread groups have been started 
2017/04/25 11:41:47 INFO  - jmeter.threads.JMeterThread: Thread started: Imposición Remota  1-1 
2017/04/25 11:41:47 INFO  - jmeter.services.FileServer: Stored: datos.csv 
2017/04/25 11:42:07 INFO  - jmeter.threads.JMeterThread: Thread is done: Imposición Remota  1-1 
2017/04/25 11:42:07 INFO  - jmeter.threads.JMeterThread: Thread finished: Imposición Remota  1-1 
2017/04/25 11:42:07 INFO  - jmeter.engine.StandardJMeterEngine: Notifying test listeners of end of test 
2017/04/25 11:42:07 INFO  - jmeter.services.FileServer: Close: datos.csv 
2017/04/25 11:42:07 INFO  - jmeter.gui.util.JMeterMenuBar: setRunning(false,*local*) 
2017/04/25 11:45:16 INFO  - jmeter.engine.StandardJMeterEngine: Running the test! 
2017/04/25 11:45:16 INFO  - jmeter.samplers.SampleEvent: List of sample_variables: [] 
2017/04/25 11:45:16 INFO  - jmeter.gui.util.JMeterMenuBar: setRunning(true,*local*) 
2017/04/25 11:45:17 INFO  - jmeter.engine.StandardJMeterEngine: Starting ThreadGroup: 1 : Imposición Remota  
2017/04/25 11:45:17 INFO  - jmeter.engine.StandardJMeterEngine: Starting 1 threads for group Imposición Remota . 
2017/04/25 11:45:17 INFO  - jmeter.engine.StandardJMeterEngine: Thread will continue on error 
2017/04/25 11:45:17 INFO  - jmeter.threads.ThreadGroup: Starting thread group number 1 threads 1 ramp-up 1 perThread 1000.0 delayedStart=false 
2017/04/25 11:45:17 INFO  - jmeter.threads.ThreadGroup: Started thread group number 1 
2017/04/25 11:45:17 INFO  - jmeter.engine.StandardJMeterEngine: All thread groups have been started 
2017/04/25 11:45:17 INFO  - jmeter.threads.JMeterThread: Thread started: Imposición Remota  1-1 
2017/04/25 11:45:17 INFO  - jmeter.services.FileServer: Stored: datos.csv 
2017/04/25 11:45:25 INFO  - jmeter.threads.JMeterThread: Thread is done: Imposición Remota  1-1 
2017/04/25 11:45:25 INFO  - jmeter.threads.JMeterThread: Thread finished: Imposición Remota  1-1 
2017/04/25 11:45:25 INFO  - jmeter.engine.StandardJMeterEngine: Notifying test listeners of end of test 
2017/04/25 11:45:25 INFO  - jmeter.services.FileServer: Close: datos.csv 
2017/04/25 11:45:25 INFO  - jmeter.gui.util.JMeterMenuBar: setRunning(false,*local*) 
2017/04/25 11:45:59 INFO  - jmeter.engine.StandardJMeterEngine: Running the test! 
2017/04/25 11:45:59 INFO  - jmeter.samplers.SampleEvent: List of sample_variables: [] 
2017/04/25 11:45:59 INFO  - jmeter.gui.util.JMeterMenuBar: setRunning(true,*local*) 
2017/04/25 11:45:59 INFO  - jmeter.engine.StandardJMeterEngine: Starting ThreadGroup: 1 : Imposición Remota  
2017/04/25 11:45:59 INFO  - jmeter.engine.StandardJMeterEngine: Starting 1 threads for group Imposición Remota . 
2017/04/25 11:45:59 INFO  - jmeter.engine.StandardJMeterEngine: Thread will continue on error 
2017/04/25 11:45:59 INFO  - jmeter.threads.ThreadGroup: Starting thread group number 1 threads 1 ramp-up 1 perThread 1000.0 delayedStart=false 
2017/04/25 11:45:59 INFO  - jmeter.threads.ThreadGroup: Started thread group number 1 
2017/04/25 11:45:59 INFO  - jmeter.engine.StandardJMeterEngine: All thread groups have been started 
2017/04/25 11:45:59 INFO  - jmeter.threads.JMeterThread: Thread started: Imposición Remota  1-1 
2017/04/25 11:45:59 INFO  - jmeter.services.FileServer: Stored: datos.csv 
2017/04/25 11:46:12 INFO  - jmeter.threads.JMeterThread: Thread is done: Imposición Remota  1-1 
2017/04/25 11:46:12 INFO  - jmeter.threads.JMeterThread: Thread finished: Imposición Remota  1-1 
2017/04/25 11:46:12 INFO  - jmeter.engine.StandardJMeterEngine: Notifying test listeners of end of test 
2017/04/25 11:46:12 INFO  - jmeter.services.FileServer: Close: datos.csv 
2017/04/25 11:46:12 INFO  - jmeter.gui.util.JMeterMenuBar: setRunning(false,*local*) 
2017/04/25 11:48:02 INFO  - jmeter.engine.StandardJMeterEngine: Running the test! 
2017/04/25 11:48:02 INFO  - jmeter.samplers.SampleEvent: List of sample_variables: [] 
2017/04/25 11:48:02 INFO  - jmeter.gui.util.JMeterMenuBar: setRunning(true,*local*) 
2017/04/25 11:48:02 INFO  - jmeter.engine.StandardJMeterEngine: Starting ThreadGroup: 1 : Imposición Remota  
2017/04/25 11:48:02 INFO  - jmeter.engine.StandardJMeterEngine: Starting 1 threads for group Imposición Remota . 
2017/04/25 11:48:02 INFO  - jmeter.engine.StandardJMeterEngine: Thread will continue on error 
2017/04/25 11:48:02 INFO  - jmeter.threads.ThreadGroup: Starting thread group number 1 threads 1 ramp-up 1 perThread 1000.0 delayedStart=false 
2017/04/25 11:48:02 INFO  - jmeter.threads.ThreadGroup: Started thread group number 1 
2017/04/25 11:48:02 INFO  - jmeter.engine.StandardJMeterEngine: All thread groups have been started 
2017/04/25 11:48:02 INFO  - jmeter.threads.JMeterThread: Thread started: Imposición Remota  1-1 
2017/04/25 11:48:02 INFO  - jmeter.services.FileServer: Stored: datos.csv 
2017/04/25 11:48:13 INFO  - jmeter.threads.JMeterThread: Thread is done: Imposición Remota  1-1 
2017/04/25 11:48:13 INFO  - jmeter.threads.JMeterThread: Thread finished: Imposición Remota  1-1 
2017/04/25 11:48:13 INFO  - jmeter.engine.StandardJMeterEngine: Notifying test listeners of end of test 
2017/04/25 11:48:13 INFO  - jmeter.services.FileServer: Close: datos.csv 
2017/04/25 11:48:13 INFO  - jmeter.gui.util.JMeterMenuBar: setRunning(false,*local*) 
2017/04/25 11:48:51 INFO  - jmeter.engine.StandardJMeterEngine: Running the test! 
2017/04/25 11:48:51 INFO  - jmeter.samplers.SampleEvent: List of sample_variables: [] 
2017/04/25 11:48:51 INFO  - jmeter.gui.util.JMeterMenuBar: setRunning(true,*local*) 
2017/04/25 11:48:51 INFO  - jmeter.engine.StandardJMeterEngine: Starting ThreadGroup: 1 : Imposición Remota  
2017/04/25 11:48:51 INFO  - jmeter.engine.StandardJMeterEngine: Starting 1 threads for group Imposición Remota . 
2017/04/25 11:48:51 INFO  - jmeter.engine.StandardJMeterEngine: Thread will continue on error 
2017/04/25 11:48:51 INFO  - jmeter.threads.ThreadGroup: Starting thread group number 1 threads 1 ramp-up 1 perThread 1000.0 delayedStart=false 
2017/04/25 11:48:51 INFO  - jmeter.threads.ThreadGroup: Started thread group number 1 
2017/04/25 11:48:51 INFO  - jmeter.engine.StandardJMeterEngine: All thread groups have been started 
2017/04/25 11:48:51 INFO  - jmeter.threads.JMeterThread: Thread started: Imposición Remota  1-1 
2017/04/25 11:48:51 INFO  - jmeter.services.FileServer: Stored: datos.csv 
2017/04/25 11:49:01 INFO  - jmeter.threads.JMeterThread: Thread is done: Imposición Remota  1-1 
2017/04/25 11:49:01 INFO  - jmeter.threads.JMeterThread: Thread finished: Imposición Remota  1-1 
2017/04/25 11:49:01 INFO  - jmeter.engine.StandardJMeterEngine: Notifying test listeners of end of test 
2017/04/25 11:49:01 INFO  - jmeter.services.FileServer: Close: datos.csv 
2017/04/25 11:49:01 INFO  - jmeter.gui.util.JMeterMenuBar: setRunning(false,*local*) 
2017/04/25 11:49:11 INFO  - jmeter.engine.StandardJMeterEngine: Running the test! 
2017/04/25 11:49:11 INFO  - jmeter.samplers.SampleEvent: List of sample_variables: [] 
2017/04/25 11:49:11 INFO  - jmeter.gui.util.JMeterMenuBar: setRunning(true,*local*) 
2017/04/25 11:49:11 INFO  - jmeter.engine.StandardJMeterEngine: Starting ThreadGroup: 1 : Imposición Remota  
2017/04/25 11:49:11 INFO  - jmeter.engine.StandardJMeterEngine: Starting 1 threads for group Imposición Remota . 
2017/04/25 11:49:11 INFO  - jmeter.engine.StandardJMeterEngine: Thread will continue on error 
2017/04/25 11:49:11 INFO  - jmeter.threads.ThreadGroup: Starting thread group number 1 threads 1 ramp-up 1 perThread 1000.0 delayedStart=false 
2017/04/25 11:49:11 INFO  - jmeter.threads.ThreadGroup: Started thread group number 1 
2017/04/25 11:49:11 INFO  - jmeter.engine.StandardJMeterEngine: All thread groups have been started 
2017/04/25 11:49:11 INFO  - jmeter.threads.JMeterThread: Thread started: Imposición Remota  1-1 
2017/04/25 11:49:11 INFO  - jmeter.services.FileServer: Stored: datos.csv 
2017/04/25 11:49:25 INFO  - jmeter.threads.JMeterThread: Thread is done: Imposición Remota  1-1 
2017/04/25 11:49:25 INFO  - jmeter.threads.JMeterThread: Thread finished: Imposición Remota  1-1 
2017/04/25 11:49:25 INFO  - jmeter.engine.StandardJMeterEngine: Notifying test listeners of end of test 
2017/04/25 11:49:25 INFO  - jmeter.services.FileServer: Close: datos.csv 
2017/04/25 11:49:25 INFO  - jmeter.gui.util.JMeterMenuBar: setRunning(false,*local*) 
2017/04/25 11:53:37 INFO  - jmeter.engine.StandardJMeterEngine: Running the test! 
2017/04/25 11:53:37 INFO  - jmeter.samplers.SampleEvent: List of sample_variables: [] 
2017/04/25 11:53:37 INFO  - jmeter.gui.util.JMeterMenuBar: setRunning(true,*local*) 
2017/04/25 11:53:37 INFO  - jmeter.engine.StandardJMeterEngine: Starting ThreadGroup: 1 : Imposición Remota  
2017/04/25 11:53:37 INFO  - jmeter.engine.StandardJMeterEngine: Starting 1 threads for group Imposición Remota . 
2017/04/25 11:53:37 INFO  - jmeter.engine.StandardJMeterEngine: Thread will continue on error 
2017/04/25 11:53:37 INFO  - jmeter.threads.ThreadGroup: Starting thread group number 1 threads 1 ramp-up 1 perThread 1000.0 delayedStart=false 
2017/04/25 11:53:37 INFO  - jmeter.threads.ThreadGroup: Started thread group number 1 
2017/04/25 11:53:37 INFO  - jmeter.engine.StandardJMeterEngine: Starting ThreadGroup: 2 : Imposición Remota  Invalidos 
2017/04/25 11:53:37 INFO  - jmeter.engine.StandardJMeterEngine: Starting 1 threads for group Imposición Remota  Invalidos. 
2017/04/25 11:53:37 INFO  - jmeter.engine.StandardJMeterEngine: Thread will continue on error 
2017/04/25 11:53:37 INFO  - jmeter.threads.ThreadGroup: Starting thread group number 2 threads 1 ramp-up 10 perThread 10000.0 delayedStart=false 
2017/04/25 11:53:37 INFO  - jmeter.threads.ThreadGroup: Started thread group number 2 
2017/04/25 11:53:37 INFO  - jmeter.engine.StandardJMeterEngine: All thread groups have been started 
2017/04/25 11:53:37 INFO  - jmeter.threads.JMeterThread: Thread started: Imposición Remota  1-1 
2017/04/25 11:53:37 INFO  - jmeter.services.FileServer: Stored: datos.csv 
2017/04/25 11:53:37 INFO  - jmeter.threads.JMeterThread: Thread started: Imposición Remota  Invalidos 2-1 
2017/04/25 11:53:48 INFO  - jmeter.threads.JMeterThread: Thread is done: Imposición Remota  1-1 
2017/04/25 11:53:48 INFO  - jmeter.threads.JMeterThread: Thread finished: Imposición Remota  1-1 
2017/04/25 11:54:15 INFO  - jmeter.threads.JMeterThread: Thread is done: Imposición Remota  Invalidos 2-1 
2017/04/25 11:54:15 INFO  - jmeter.threads.JMeterThread: Thread finished: Imposición Remota  Invalidos 2-1 
2017/04/25 11:54:15 INFO  - jmeter.engine.StandardJMeterEngine: Notifying test listeners of end of test 
2017/04/25 11:54:15 INFO  - jmeter.services.FileServer: Close: datos.csv 
2017/04/25 11:54:15 INFO  - jmeter.gui.util.JMeterMenuBar: setRunning(false,*local*) 
