2016/06/07 16:47:55 INFO  - jmeter.JMeter: Loading user properties from: C:\Users\carlos.torres\Desktop\apache-jmeter-2.13\bin\user.properties 
2016/06/07 16:47:55 INFO  - jmeter.JMeter: Loading system properties from: C:\Users\carlos.torres\Desktop\apache-jmeter-2.13\bin\system.properties 
2016/06/07 16:47:55 INFO  - jmeter.JMeter: Copyright (c) 1998-2015 The Apache Software Foundation 
2016/06/07 16:47:55 INFO  - jmeter.JMeter: Version 2.13 r1665067 
2016/06/07 16:47:55 INFO  - jmeter.JMeter: java.version=1.7.0_79 
2016/06/07 16:47:55 INFO  - jmeter.JMeter: java.vm.name=Java HotSpot(TM) 64-Bit Server VM 
2016/06/07 16:47:55 INFO  - jmeter.JMeter: os.name=Windows 8.1 
2016/06/07 16:47:55 INFO  - jmeter.JMeter: os.arch=amd64 
2016/06/07 16:47:55 INFO  - jmeter.JMeter: os.version=6.3 
2016/06/07 16:47:55 INFO  - jmeter.JMeter: file.encoding=Cp1252 
2016/06/07 16:47:55 INFO  - jmeter.JMeter: Default Locale=English (United States) 
2016/06/07 16:47:55 INFO  - jmeter.JMeter: JMeter  Locale=English (United States) 
2016/06/07 16:47:55 INFO  - jmeter.JMeter: JMeterHome=C:\Users\carlos.torres\Desktop\apache-jmeter-2.13 
2016/06/07 16:47:55 INFO  - jmeter.JMeter: user.dir  =C:\Users\carlos.torres\Desktop\apache-jmeter-2.13\bin 
2016/06/07 16:47:55 INFO  - jmeter.JMeter: PWD       =C:\Users\carlos.torres\Desktop\apache-jmeter-2.13\bin 
2016/06/07 16:47:55 INFO  - jmeter.JMeter: IP: 10.212.27.59 Name: eze1-lsg-b00059 FullName: eze1-lsg-b00059.synapse.com 
2016/06/07 16:47:55 INFO  - jmeter.engine.RemoteJMeterEngineImpl: Starting backing engine on 1099 
2016/06/07 16:47:55 INFO  - jmeter.engine.RemoteJMeterEngineImpl: Local IP address=10.212.27.59 
2016/06/07 16:47:55 INFO  - jmeter.engine.RemoteJMeterEngineImpl: IP address is a site-local address; this may cause problems with remote access.
	Can be overridden by defining the system property 'java.rmi.server.hostname' - see jmeter-server script file 
2016/06/07 16:47:55 INFO  - jmeter.engine.RemoteJMeterEngineImpl: Creating RMI registry (server.rmi.create=true) 
2016/06/07 16:47:56 INFO  - jmeter.engine.RemoteJMeterEngineImpl: Bound to registry on port 1099 
2016/06/07 16:53:24 INFO  - jmeter.engine.RemoteJMeterEngineImpl: Stopping test ... 
